<?xml version="1.0" encoding="UTF-8"?>
<testng-results skipped="0" failed="0" ignored="0" total="1" passed="1">
  <reporter-output>
  </reporter-output>
  <suite name="Suite" duration-ms="198808" started-at="2017-10-12T18:43:44Z" finished-at="2017-10-12T18:47:03Z">
    <groups>
    </groups>
    <test name="CHROMETest" duration-ms="198808" started-at="2017-10-12T18:43:44Z" finished-at="2017-10-12T18:47:03Z">
      <class name="TestCases.Testcases">
        <test-method status="PASS" signature="beforeTest(java.lang.String)[pri:0, instance:TestCases.Testcases@204f30ec]" name="beforeTest" is-config="true" duration-ms="3740" started-at="2017-10-13T00:13:44Z" finished-at="2017-10-13T00:13:48Z">
          <params>
            <param index="0">
              <value>
                <![CDATA[chrome]]>
              </value>
            </param>
          </params>
          <reporter-output>
          </reporter-output>
        </test-method> <!-- beforeTest -->
        <test-method status="PASS" signature="commonCommunities()[pri:1, instance:TestCases.Testcases@204f30ec]" name="commonCommunities" duration-ms="195030" started-at="2017-10-13T00:13:48Z" finished-at="2017-10-13T00:17:03Z">
          <reporter-output>
          </reporter-output>
        </test-method> <!-- commonCommunities -->
      </class> <!-- TestCases.Testcases -->
    </test> <!-- CHROMETest -->
  </suite> <!-- Suite -->
</testng-results>
